c:\zim\masterthesisproject\stage1\azure-kinect-samples\opencv-kinfu-samples\x64\release\vc143.pdb
c:\zim\masterthesisproject\stage1\azure-kinect-samples\opencv-kinfu-samples\x64\release\main.obj
c:\zim\masterthesisproject\stage1\azure-kinect-samples\opencv-kinfu-samples\x64\release\depthengine_2_0.dll
c:\zim\masterthesisproject\stage1\azure-kinect-samples\opencv-kinfu-samples\x64\release\k4a.dll
c:\zim\masterthesisproject\stage1\azure-kinect-samples\opencv-kinfu-samples\x64\release\k4arecord.dll
c:\zim\masterthesisproject\stage1\azure-kinect-samples\opencv-kinfu-samples\x64\release\k4a.pdb
c:\zim\masterthesisproject\stage1\azure-kinect-samples\opencv-kinfu-samples\x64\release\k4arecord.pdb
c:\zim\masterthesisproject\stage1\azure-kinect-samples\opencv-kinfu-samples\x64\release\kinfu_example.exe
c:\zim\masterthesisproject\stage1\azure-kinect-samples\opencv-kinfu-samples\x64\release\kinfu_example.pdb
c:\zim\masterthesisproject\stage1\azure-kinect-samples\opencv-kinfu-samples\x64\release\kinfu_example.ipdb
c:\zim\masterthesisproject\stage1\azure-kinect-samples\opencv-kinfu-samples\x64\release\kinfu_example.iobj
c:\zim\masterthesisproject\stage1\azure-kinect-samples\opencv-kinfu-samples\x64\release\kinfu_example.tlog\cl.command.1.tlog
c:\zim\masterthesisproject\stage1\azure-kinect-samples\opencv-kinfu-samples\x64\release\kinfu_example.tlog\cl.items.tlog
c:\zim\masterthesisproject\stage1\azure-kinect-samples\opencv-kinfu-samples\x64\release\kinfu_example.tlog\cl.read.1.tlog
c:\zim\masterthesisproject\stage1\azure-kinect-samples\opencv-kinfu-samples\x64\release\kinfu_example.tlog\cl.write.1.tlog
c:\zim\masterthesisproject\stage1\azure-kinect-samples\opencv-kinfu-samples\x64\release\kinfu_example.tlog\copylocal.read.1u.tlog
c:\zim\masterthesisproject\stage1\azure-kinect-samples\opencv-kinfu-samples\x64\release\kinfu_example.tlog\copylocal.write.1u.tlog
c:\zim\masterthesisproject\stage1\azure-kinect-samples\opencv-kinfu-samples\x64\release\kinfu_example.tlog\link.command.1.tlog
c:\zim\masterthesisproject\stage1\azure-kinect-samples\opencv-kinfu-samples\x64\release\kinfu_example.tlog\link.read.1.tlog
c:\zim\masterthesisproject\stage1\azure-kinect-samples\opencv-kinfu-samples\x64\release\kinfu_example.tlog\link.write.1.tlog
c:\zim\masterthesisproject\stage1\azure-kinect-samples\opencv-kinfu-samples\x64\release\kinfu_example.tlog\link.write.2u.tlog
